<?xml version="1.0" encoding="UTF-8"?>
<!-- Generated by org.testng.reporters.JUnitReportReporter -->
<testsuite hostname="DESKTOP-9LHM7R0" failures="0" tests="6" name="combat.Basics" time="4.060" errors="0" timestamp="2024-02-22T16:51:15 CST" skipped="0">
  <testcase classname="combat.Basics" name="a" time="1.430"/>
  <system-out/>
  <testcase classname="combat.Basics" name="a" time="0.459"/>
  <system-out/>
  <testcase classname="combat.Basics" name="a" time="0.929"/>
  <system-out/>
  <testcase classname="combat.Basics" name="a" time="0.779"/>
  <system-out/>
  <testcase classname="combat.Basics" name="a" time="0.194"/>
  <system-out/>
  <testcase classname="combat.Basics" name="a" time="0.269"/>
  <system-out/>
</testsuite> <!-- combat.Basics -->
